2022-05-23 14:24:51,820 INFO client.py Запущен клиент с параметрами: адрес сервера: 127.0.0.1 , порт: 7000, имя пользователя: test1
2022-05-23 14:24:51,820 INFO client.py Запущен клиент с параметрами: адрес сервера: 127.0.0.1 , порт: 7000, имя пользователя: test2
2022-05-23 14:24:52,335 DEBUG client.py Сформировано presence сообщение для пользователя test2
2022-05-23 14:24:52,335 DEBUG client.py Сформировано presence сообщение для пользователя test1
2022-05-23 14:24:52,335 DEBUG client.py Разбор приветственного сообщения от сервера: {'response': 200}
2022-05-23 14:24:52,335 INFO client.py Установлено соединение с сервером. Ответ сервера: 200 : OK
2022-05-23 14:24:52,335 DEBUG client.py Разбор приветственного сообщения от сервера: {'response': 200}
2022-05-23 14:24:52,335 INFO client.py Установлено соединение с сервером. Ответ сервера: 200 : OK
2022-05-23 14:24:52,335 DEBUG client.py Запущены процессы
2022-05-23 14:24:52,335 DEBUG client.py Запущены процессы
2022-05-23 14:25:23,917 DEBUG client.py Сформирован словарь сообщения: {'action': 'message', 'from': 'test2', 'to': 'test1', 'time': 1653290723.9170358, 'mess_text': 'hi test1'}
2022-05-23 14:25:23,917 INFO client.py Отправлено сообщение для пользователя test1
2022-05-23 14:25:24,307 INFO client.py Получено сообщение от пользователя test2:
hi test1
2022-05-23 14:25:57,591 DEBUG client.py Сформирован словарь сообщения: {'action': 'message', 'from': 'test1', 'to': 'test1', 'time': 1653290757.5911474, 'mess_text': 'hi test2'}
2022-05-23 14:25:57,591 INFO client.py Отправлено сообщение для пользователя test1
2022-05-23 14:25:57,778 INFO client.py Получено сообщение от пользователя test1:
hi test2
2022-05-23 14:26:19,220 DEBUG client.py Сформирован словарь сообщения: {'action': 'message', 'from': 'test1', 'to': 'test2', 'time': 1653290779.2206397, 'mess_text': 'hi test2'}
2022-05-23 14:26:19,220 INFO client.py Отправлено сообщение для пользователя test2
2022-05-23 14:26:19,618 INFO client.py Получено сообщение от пользователя test1:
hi test2
