2022-05-18 10:35:11,753 INFO client.py Запущен клиент с параметрами: адрес сервера: 127.0.0.1 , порт: 7000, имя пользователя: test1
2022-05-18 10:35:11,753 DEBUG client.py Сформировано presence сообщение для пользователя test1
2022-05-18 10:35:11,753 INFO client.py Запущен клиент с параметрами: адрес сервера: 127.0.0.1 , порт: 7000, имя пользователя: test2
2022-05-18 10:35:11,753 DEBUG client.py Разбор приветственного сообщения от сервера: {'response': 200}
2022-05-18 10:35:11,753 INFO client.py Установлено соединение с сервером. Ответ сервера: 200 : OK
2022-05-18 10:35:11,753 DEBUG client.py Сформировано presence сообщение для пользователя test2
2022-05-18 10:35:11,768 DEBUG client.py Запущены процессы
2022-05-18 10:35:12,263 DEBUG client.py Разбор приветственного сообщения от сервера: {'response': 200}
2022-05-18 10:35:12,263 INFO client.py Установлено соединение с сервером. Ответ сервера: 200 : OK
2022-05-18 10:35:12,263 DEBUG client.py Запущены процессы
2022-05-18 10:35:41,354 DEBUG client.py Сформирован словарь сообщения: {'action': 'message', 'from': 'test1', 'to': 'test2', 'time': 1652844941.3545704, 'mess_text': 'hi'}
2022-05-18 10:35:41,354 INFO client.py Отправлено сообщение для пользователя test2
2022-05-18 10:35:41,663 INFO client.py Получено сообщение от пользователя test1:
hi
2022-05-18 10:36:01,692 DEBUG client.py Сформирован словарь сообщения: {'action': 'message', 'from': 'test2', 'to': 'test1', 'time': 1652844961.6920938, 'mess_text': 'hihihi'}
2022-05-18 10:36:01,692 INFO client.py Отправлено сообщение для пользователя test1
2022-05-18 10:36:01,940 INFO client.py Получено сообщение от пользователя test2:
hihihi
2022-05-18 10:36:04,708 INFO client.py Завершение работы по команде пользователя.
2022-05-18 10:36:21,109 DEBUG client.py Сформирован словарь сообщения: {'action': 'message', 'from': 'test1', 'to': 'test2', 'time': 1652844981.1099072, 'mess_text': 'hihihi'}
2022-05-18 10:36:21,109 INFO client.py Отправлено сообщение для пользователя test2
2022-05-18 10:36:21,203 CRITICAL client.py Потеряно соединение с сервером.
